<?xml version="1.0" encoding="UTF-8"?>
<!-- Generated by org.testng.reporters.JUnitXMLReporter -->
<testsuite ignored="0" hostname="NSL-5989" failures="0" tests="4" name="Default test" time="0.119" errors="0" timestamp="2022-01-15T00:20:25 IST">
  <testcase classname="QAClickAcademy.Mavenjava.RestApitest" name="DevOPSTest" time="0.02"/>
  <testcase classname="QAClickAcademy.Mavenjava.RestApitest" name="JiraAutomation" time="0.002"/>
  <testcase classname="QAClickAcademy.Mavenjava.Seleniumtest" name="BrowserAutomation" time="0.002"/>
  <testcase classname="QAClickAcademy.Mavenjava.Seleniumtest" name="elementui" time="0.003"/>
</testsuite> <!-- Default test -->
